Arguments: 
  /home/andressa/.nvm/versions/node/v18.15.0/bin/node /home/andressa/.yarn/bin/yarn.js

PATH: 
  /home/andressa/.yarn/bin:/home/andressa/.config/yarn/global/node_modules/.bin:/home/andressa/.local/share/pnpm:/home/andressa/.yarn/bin:/home/andressa/.config/yarn/global/node_modules/.bin:/home/andressa/.local/share/pnpm:/home/andressa/.nvm/versions/node/v18.15.0/bin:/home/linuxbrew/.linuxbrew/bin:/home/linuxbrew/.linuxbrew/sbin:/home/andressa/.local/bin:/usr/local/sbin:/usr/local/bin:/usr/sbin:/usr/bin:/sbin:/bin:/usr/games:/usr/local/games:/snap/bin

Yarn version: 
  1.13.0

Node version: 
  18.15.0

Platform: 
  linux x64

Trace: 
  Error: ENOENT: no such file or directory, symlink '../../lib/cjs/main-cli.js' -> '/home/andressa/.cache/yarn/v4/npm-@puppeteer-browsers-0.5.0-1a1ee454b84a986b937ca2d93146f25a3fe8b670/node_modules/@puppeteer/browsers/.bin/@puppeteer/browsers'

npm manifest: 
  {
    "name": "test-automation",
    "version": "1.0.0",
    "description": "",
    "main": "index.js",
    "scripts": {
      "test:watch": "tsnd -r dotenv/config --respawn --exit-child --transpile-only --watch --ignore-watch node_modules",
      "test": "npm run test:watch bootstrap/entrypoint"
    },
    "keywords": [],
    "author": "",
    "license": "ISC",
    "dependencies": {
      "dotenv": "^16.0.3",
      "puppeteer": "^19.8.3",
      "puppeteer-extra": "^3.3.6",
      "puppeteer-extra-plugin-user-preferences": "^2.4.1"
    }
  }

yarn manifest: 
  No manifest

Lockfile: 
  No lockfile
